Sat May 20 20:30:54 AST 2023 : Apache Derby Network Server - 10.11.1.2 - (1629631) started and ready to accept connections on port 1527
----------------------------------------------------------------
Sat May 20 20:30:54 AST 2023:
Booting Derby version The Apache Software Foundation - Apache Derby - 10.11.1.2 - (1629631): instance a816c00e-0188-3a36-de9a-ffffbf8a8293 
on database directory C:\Users\mohamed\Desktop\College-DB-Project\Database\E-wallet with class loader sun.misc.Launcher$AppClassLoader@6f94fa3e 
Loaded from file:/C:/Program%20Files/Java/jdk1.8.0_111/db/lib/derby.jar
java.vendor=Oracle Corporation
java.runtime.version=1.8.0_111-b14
user.dir=C:\Program Files\Java\jdk1.8.0_111\db
os.name=Windows 10
os.arch=amd64
os.version=10.0
derby.system.home=C:\Users\mohamed\Desktop\College-DB-Project\Database
Database Class Loader started - derby.database.classpath=''
----------------------------------------------------------------
Sat May 20 20:48:22 AST 2023: Shutting down Derby engine
----------------------------------------------------------------
Sat May 20 20:48:22 AST 2023:
Shutting down instance a816c00e-0188-3a36-de9a-ffffbf8a8293 on database directory C:\Users\mohamed\Desktop\College-DB-Project\Database\E-wallet with class loader sun.misc.Launcher$AppClassLoader@6f94fa3e 
----------------------------------------------------------------
